Arguments: 
  C:\Program Files\nodejs\node.exe C:\Users\Rafael\AppData\Roaming\npm\node_modules\yarn\bin\yarn.js

PATH: 
  C:\Windows\system32;C:\Windows;C:\Windows\System32\Wbem;C:\Windows\System32\WindowsPowerShell\v1.0\;C:\Program Files (x86)\NVIDIA Corporation\PhysX\Common;C:\Program Files\nodejs\;C:\Program Files\Git\cmd;C:\WINDOWS\system32;C:\WINDOWS;C:\WINDOWS\System32\Wbem;C:\WINDOWS\System32\WindowsPowerShell\v1.0\;C:\WINDOWS\System32\OpenSSH\;C:\Users\Rafael\AppData\Local\Microsoft\WindowsApps;C:\Users\Rafael\AppData\Roaming\npm

Yarn version: 
  1.6.0

Node version: 
  8.11.2

Platform: 
  win32 x64

Trace: 
  Error: connect ETIMEDOUT 104.18.94.96:443
      at Object._errnoException (util.js:992:11)
      at _exceptionWithHostPort (util.js:1014:20)
      at TCPConnectWrap.afterConnect [as oncomplete] (net.js:1186:14)

npm manifest: 
  {
  	"name": "prova-theos-sistemas",
  	"version": "1.0.0",
  	"description": "Prova para frontend da theos sistemas",
  	"main": "server.js",
  	"scripts": {
  		"theos": "start http://localhost:3000/ & node server.js",
  		"test": "echo \"Error: no test specified\" && exit 1"
  	},
  	"author": "Rafael Pedro Pelizza (rafael.pelizza@gmail.com)",
  	"license": "ISC",
  	"devDependencies": {
  		"body-parser": "^1.18.3",
  		"express": "^4.16.3",
  		"mongoose": "^5.1.4",
  		"node-restful": "^0.2.6"
  	}
  }

yarn manifest: 
  No manifest

Lockfile: 
  No lockfile
